<?xml version="1.0" encoding="UTF-8"?>
<testng-results skipped="0" failed="0" ignored="0" total="1" passed="1">
  <reporter-output>
  </reporter-output>
  <suite name="Default suite" duration-ms="23341" started-at="2017-08-11T14:33:30Z" finished-at="2017-08-11T14:33:54Z">
    <groups>
    </groups>
    <test name="Default test" duration-ms="23341" started-at="2017-08-11T14:33:30Z" finished-at="2017-08-11T14:33:54Z">
      <class name="onlineOrderWithSFDC.Driver">
        <test-method status="PASS" signature="setup()[pri:0, instance:onlineOrderWithSFDC.Driver@29774679]" name="setup" is-config="true" duration-ms="10373" started-at="2017-08-11T17:33:30Z" finished-at="2017-08-11T17:33:41Z">
          <reporter-output>
          </reporter-output>
        </test-method> <!-- setup -->
        <test-method status="PASS" signature="DataDrivingFromExcel()[pri:0, instance:onlineOrderWithSFDC.Driver@29774679]" name="DataDrivingFromExcel" duration-ms="12933" started-at="2017-08-11T17:33:41Z" finished-at="2017-08-11T17:33:54Z">
          <reporter-output>
          </reporter-output>
        </test-method> <!-- DataDrivingFromExcel -->
      </class> <!-- onlineOrderWithSFDC.Driver -->
    </test> <!-- Default test -->
  </suite> <!-- Default suite -->
</testng-results>
